2011-10-19 20:55:08,370 [Worker-10] INFO  o.e.m.c.i.i.nexus.NexusIndexManager - Updating index for repository: central|http://repo1.maven.org/maven2
2011-10-19 20:55:12,349 [Worker-3] INFO  o.e.m.c.i.l.LifecycleMappingFactory - Using org.eclipse.m2e.jdt.JarLifecycleMapping lifecycle mapping for MavenProject: org.cadian:extensions:0.0.1-SNAPSHOT @ /home/josh/cadian/cadian-extensions/pom.xml.
2011-10-19 20:55:12,354 [Worker-1] INFO  o.e.m.c.i.l.LifecycleMappingFactory - Using org.eclipse.m2e.jdt.JarLifecycleMapping lifecycle mapping for MavenProject: org.cadian:reflections:1.0.0 @ /home/josh/cadian/cadian-reflections/pom.xml.
2011-10-19 20:55:12,741 [New I/O client worker #2-1] INFO  o.e.m.c.i.e.AbstractTransferListenerAdapter - Downloaded http://repo1.maven.org/maven2/org/cadian/reflections/1.0.0/reflections-1.0.0.pom
2011-10-19 20:55:12,757 [Worker-3] WARN  o.e.m.c.i.embedder.EclipseLogger - The POM for org.cadian:reflections:jar:1.0.0 is missing, no dependency information available
2011-10-19 20:55:12,947 [New I/O client worker #3-1] INFO  o.e.m.c.i.e.AbstractTransferListenerAdapter - Downloaded http://repo1.maven.org/maven2/org/cadian/reflections/1.0.0/reflections-1.0.0.jar
2011-10-19 20:55:13,678 [Worker-0] INFO  o.e.m.c.i.l.LifecycleMappingFactory - Using org.eclipse.m2e.jdt.JarLifecycleMapping lifecycle mapping for MavenProject: org.cadian:extensions:0.0.1-SNAPSHOT @ /home/josh/cadian/cadian-extensions/pom.xml.
2011-10-19 20:55:13,759 [Worker-3] INFO  o.e.m.c.i.embedder.EclipseLogger - Using 'UTF-8' encoding to copy filtered resources.
2011-10-19 20:55:13,761 [Worker-3] INFO  o.e.m.c.i.embedder.EclipseLogger - Copying 0 resource
2011-10-19 20:55:13,763 [Worker-3] INFO  o.e.m.c.i.embedder.EclipseLogger - Using 'UTF-8' encoding to copy filtered resources.
2011-10-19 20:55:13,782 [Worker-3] INFO  o.e.m.c.i.embedder.EclipseLogger - Copying 0 resource
2011-10-19 20:55:13,810 [Worker-0] INFO  o.e.m.c.i.l.LifecycleMappingFactory - Using org.eclipse.m2e.jdt.JarLifecycleMapping lifecycle mapping for MavenProject: org.cadian:properties:1.0.0 @ /home/josh/cadian/cadian-properties/pom.xml.
2011-10-19 20:55:13,862 [Worker-0] INFO  o.e.m.c.i.l.LifecycleMappingFactory - Using org.eclipse.m2e.jdt.JarLifecycleMapping lifecycle mapping for MavenProject: org.cadian:reflections:1.0.0 @ /home/josh/cadian/cadian-reflections/pom.xml.
2011-10-19 20:55:13,975 [Worker-0] INFO  o.e.m.c.i.l.LifecycleMappingFactory - Using org.eclipse.m2e.jdt.JarLifecycleMapping lifecycle mapping for MavenProject: org.cadian:extensions:0.0.1-SNAPSHOT @ /home/josh/cadian/cadian-extensions/pom.xml.
2011-10-19 20:55:14,392 [Worker-3] INFO  o.e.m.c.i.l.LifecycleMappingFactory - Using org.eclipse.m2e.jdt.JarLifecycleMapping lifecycle mapping for MavenProject: org.cadian:properties:1.0.0 @ /home/josh/cadian/cadian-properties/pom.xml.
2011-10-19 20:55:14,393 [Worker-3] WARN  o.e.m.c.i.embedder.EclipseLogger - The POM for org.cadian:reflections:jar:1.0.0 is missing, no dependency information available
2011-10-19 20:55:14,862 [Worker-3] INFO  o.e.m.c.i.embedder.EclipseLogger - Using 'UTF-8' encoding to copy filtered resources.
2011-10-19 20:55:14,862 [Worker-3] INFO  o.e.m.c.i.embedder.EclipseLogger - Copying 0 resource
2011-10-19 20:55:14,869 [Worker-3] INFO  o.e.m.c.i.embedder.EclipseLogger - Using 'UTF-8' encoding to copy filtered resources.
2011-10-19 20:55:14,869 [Worker-3] INFO  o.e.m.c.i.embedder.EclipseLogger - Copying 1 resource
2011-10-19 20:55:15,424 [Worker-0] INFO  o.e.m.c.i.l.LifecycleMappingFactory - Using org.eclipse.m2e.jdt.JarLifecycleMapping lifecycle mapping for MavenProject: org.cadian:reflections:1.0.0 @ /home/josh/cadian/cadian-reflections/pom.xml.
2011-10-19 20:55:15,758 [Worker-0] INFO  o.e.m.c.i.l.LifecycleMappingFactory - Using org.eclipse.m2e.jdt.JarLifecycleMapping lifecycle mapping for MavenProject: org.cadian:extensions:0.0.1-SNAPSHOT @ /home/josh/cadian/cadian-extensions/pom.xml.
2011-10-19 20:55:15,847 [Worker-0] INFO  o.e.m.c.i.l.LifecycleMappingFactory - Using org.eclipse.m2e.jdt.JarLifecycleMapping lifecycle mapping for MavenProject: org.cadian:properties:1.0.0 @ /home/josh/cadian/cadian-properties/pom.xml.
2011-10-19 20:55:16,095 [Worker-0] INFO  o.e.m.c.i.embedder.EclipseLogger - Using 'UTF-8' encoding to copy filtered resources.
2011-10-19 20:55:16,095 [Worker-0] INFO  o.e.m.c.i.embedder.EclipseLogger - skip non existing resourceDirectory /home/josh/cadian/cadian-reflections/src/main/resources
2011-10-19 20:55:16,096 [Worker-0] INFO  o.e.m.c.i.embedder.EclipseLogger - Using 'UTF-8' encoding to copy filtered resources.
2011-10-19 20:55:16,096 [Worker-0] INFO  o.e.m.c.i.embedder.EclipseLogger - skip non existing resourceDirectory /home/josh/cadian/cadian-reflections/src/test/resources
2011-10-19 20:55:16,937 [Worker-3] INFO  o.e.m.c.i.l.LifecycleMappingFactory - Using org.eclipse.m2e.jdt.JarLifecycleMapping lifecycle mapping for MavenProject: org.cadian:extensions:0.0.1-SNAPSHOT @ /home/josh/cadian/cadian-extensions/pom.xml.
2011-10-19 20:55:17,150 [Worker-3] INFO  o.e.m.c.i.l.LifecycleMappingFactory - Using org.eclipse.m2e.jdt.JarLifecycleMapping lifecycle mapping for MavenProject: org.cadian:properties:1.0.0 @ /home/josh/cadian/cadian-properties/pom.xml.
2011-10-19 20:55:17,172 [Worker-3] INFO  o.e.m.c.i.l.LifecycleMappingFactory - Using org.eclipse.m2e.jdt.JarLifecycleMapping lifecycle mapping for MavenProject: org.cadian:reflections:1.0.0 @ /home/josh/cadian/cadian-reflections/pom.xml.
2011-10-19 20:55:17,211 [Worker-3] INFO  o.e.m.c.i.l.LifecycleMappingFactory - Using org.eclipse.m2e.jdt.JarLifecycleMapping lifecycle mapping for MavenProject: org.cadian:extensions:0.0.1-SNAPSHOT @ /home/josh/cadian/cadian-extensions/pom.xml.
2011-10-19 20:55:17,355 [Worker-3] INFO  o.e.m.c.i.l.LifecycleMappingFactory - Using org.eclipse.m2e.jdt.JarLifecycleMapping lifecycle mapping for MavenProject: org.cadian:properties:1.0.0 @ /home/josh/cadian/cadian-properties/pom.xml.
2011-10-19 20:55:17,462 [Worker-3] INFO  o.e.m.c.i.l.LifecycleMappingFactory - Using org.eclipse.m2e.jdt.JarLifecycleMapping lifecycle mapping for MavenProject: org.cadian:reflections:1.0.0 @ /home/josh/cadian/cadian-reflections/pom.xml.
2011-10-19 20:55:18,441 [Worker-1] INFO  o.e.m.c.i.embedder.EclipseLogger - Using 'UTF-8' encoding to copy filtered resources.
2011-10-19 20:55:18,441 [Worker-1] INFO  o.e.m.c.i.embedder.EclipseLogger - skip non existing resourceDirectory /home/josh/cadian/cadian-reflections/src/main/resources
2011-10-19 20:55:18,442 [Worker-1] INFO  o.e.m.c.i.embedder.EclipseLogger - Using 'UTF-8' encoding to copy filtered resources.
2011-10-19 20:55:18,442 [Worker-1] INFO  o.e.m.c.i.embedder.EclipseLogger - skip non existing resourceDirectory /home/josh/cadian/cadian-reflections/src/test/resources
2011-10-19 20:55:18,783 [Worker-1] INFO  o.e.m.c.i.embedder.EclipseLogger - Using 'UTF-8' encoding to copy filtered resources.
2011-10-19 20:55:18,804 [Worker-1] INFO  o.e.m.c.i.embedder.EclipseLogger - Copying 0 resource
2011-10-19 20:55:18,805 [Worker-1] INFO  o.e.m.c.i.embedder.EclipseLogger - Using 'UTF-8' encoding to copy filtered resources.
2011-10-19 20:55:18,806 [Worker-1] INFO  o.e.m.c.i.embedder.EclipseLogger - Copying 1 resource
2011-10-19 20:55:19,645 [Worker-1] INFO  o.e.m.c.i.embedder.EclipseLogger - Using 'UTF-8' encoding to copy filtered resources.
2011-10-19 20:55:19,656 [Worker-1] INFO  o.e.m.c.i.embedder.EclipseLogger - Copying 0 resource
2011-10-19 20:55:19,662 [Worker-1] INFO  o.e.m.c.i.embedder.EclipseLogger - Using 'UTF-8' encoding to copy filtered resources.
2011-10-19 20:55:19,663 [Worker-1] INFO  o.e.m.c.i.embedder.EclipseLogger - Copying 0 resource
2011-10-19 20:55:26,290 [Worker-10] ERROR o.e.m.c.i.i.nexus.NexusIndexManager - Unable to update index for central|http://repo1.maven.org/maven2
java.io.IOException: connection timed out to http://mirrors.ibiblio.org/pub/mirrors/maven2/dot-index/nexus-maven-repository-index.properties
	at org.eclipse.m2e.core.internal.index.nexus.AsyncFetcher$PipedErrorInputStream.checkError(AsyncFetcher.java:253) ~[org.eclipse.m2e.core_1.0.100.20110804-1717.jar:na]
	at org.eclipse.m2e.core.internal.index.nexus.AsyncFetcher$PipedErrorInputStream.read(AsyncFetcher.java:261) ~[org.eclipse.m2e.core_1.0.100.20110804-1717.jar:na]
	at java.io.PipedInputStream.read(PipedInputStream.java:378) ~[na:1.6.0_23]
	at java.io.InputStream.read(InputStream.java:102) ~[na:1.6.0_23]
	at java.util.Properties$LineReader.readLine(Properties.java:435) ~[na:1.6.0_23]
	at java.util.Properties.load0(Properties.java:354) ~[na:1.6.0_23]
	at java.util.Properties.load(Properties.java:342) ~[na:1.6.0_23]
	at org.apache.maven.index.updater.DefaultIndexUpdater.downloadIndexProperties(DefaultIndexUpdater.java:457) ~[indexer-core-3.1.0.jar:3.1.0]
	at org.apache.maven.index.updater.DefaultIndexUpdater.access$100(DefaultIndexUpdater.java:75) ~[indexer-core-3.1.0.jar:3.1.0]
	at org.apache.maven.index.updater.DefaultIndexUpdater$IndexAdaptor.setProperties(DefaultIndexUpdater.java:607) ~[indexer-core-3.1.0.jar:3.1.0]
	at org.apache.maven.index.updater.DefaultIndexUpdater.fetchAndUpdateIndex(DefaultIndexUpdater.java:788) ~[indexer-core-3.1.0.jar:3.1.0]
	at org.apache.maven.index.updater.DefaultIndexUpdater.fetchAndUpdateIndex(DefaultIndexUpdater.java:135) ~[indexer-core-3.1.0.jar:3.1.0]
	at org.eclipse.m2e.core.internal.index.nexus.NexusIndexManager.updateRemoteIndex(NexusIndexManager.java:1124) [org.eclipse.m2e.core_1.0.100.20110804-1717.jar:na]
	at org.eclipse.m2e.core.internal.index.nexus.NexusIndexManager.updateIndex(NexusIndexManager.java:1081) [org.eclipse.m2e.core_1.0.100.20110804-1717.jar:na]
	at org.eclipse.m2e.core.internal.index.nexus.NexusIndexManager$1.run(NexusIndexManager.java:658) [org.eclipse.m2e.core_1.0.100.20110804-1717.jar:na]
	at org.eclipse.m2e.core.internal.index.nexus.IndexUpdaterJob.run(IndexUpdaterJob.java:71) [org.eclipse.m2e.core_1.0.100.20110804-1717.jar:na]
	at org.eclipse.core.internal.jobs.Worker.run(Worker.java:54) [org.eclipse.core.jobs_3.5.100.v20110404.jar:na]
java.net.ConnectException: connection timed out to http://mirrors.ibiblio.org/pub/mirrors/maven2/dot-index/nexus-maven-repository-index.properties
	at com.ning.http.client.providers.netty.NettyConnectListener.operationComplete(NettyConnectListener.java:83) ~[na:na]
	at org.jboss.netty.channel.DefaultChannelFuture.notifyListener(DefaultChannelFuture.java:381) ~[na:na]
	at org.jboss.netty.channel.DefaultChannelFuture.notifyListeners(DefaultChannelFuture.java:372) ~[na:na]
	at org.jboss.netty.channel.DefaultChannelFuture.setFailure(DefaultChannelFuture.java:334) ~[na:na]
	at org.jboss.netty.channel.socket.nio.NioClientSocketPipelineSink$Boss.processConnectTimeout(NioClientSocketPipelineSink.java:374) ~[na:na]
	at org.jboss.netty.channel.socket.nio.NioClientSocketPipelineSink$Boss.run(NioClientSocketPipelineSink.java:283) ~[na:na]
	at org.jboss.netty.util.ThreadRenamingRunnable.run(ThreadRenamingRunnable.java:108) ~[na:na]
	at org.jboss.netty.util.internal.DeadLockProofWorker$1.run(DeadLockProofWorker.java:44) ~[na:na]
	at java.util.concurrent.ThreadPoolExecutor.runWorker(ThreadPoolExecutor.java:1110) ~[na:1.6.0_23]
	at java.util.concurrent.ThreadPoolExecutor$Worker.run(ThreadPoolExecutor.java:603) ~[na:1.6.0_23]
	at java.lang.Thread.run(Thread.java:679) ~[na:1.6.0_23]
Caused by: java.net.ConnectException: connection timed out
	at org.jboss.netty.channel.socket.nio.NioClientSocketPipelineSink$Boss.processConnectTimeout(NioClientSocketPipelineSink.java:371) ~[na:na]
	at org.jboss.netty.channel.socket.nio.NioClientSocketPipelineSink$Boss.run(NioClientSocketPipelineSink.java:283) ~[na:na]
	... 3 common frames omitted
2011-10-19 20:56:48,785 [main] INFO  o.e.m2e.actions.ExecutePomAction - Creating new launch configuration
2011-10-19 20:57:17,739 [Worker-7] INFO  o.e.m.i.launch.MavenLaunchDelegate - /home/josh/cadian/cadian-properties
2011-10-19 20:57:17,739 [Worker-7] INFO  o.e.m.i.launch.MavenLaunchDelegate -  mvn -B 
2011-10-19 20:57:34,568 [main] INFO  o.e.m2e.actions.ExecutePomAction - Using existing launch configuration
2011-10-19 21:00:59,659 [main] INFO  o.e.m2e.actions.ExecutePomAction - Creating new launch configuration
2011-10-19 21:01:03,668 [Worker-0] INFO  o.e.m.i.launch.MavenLaunchDelegate - /home/josh/cadian/cadian-reflections
2011-10-19 21:01:03,676 [Worker-0] INFO  o.e.m.i.launch.MavenLaunchDelegate -  mvn -B maven-jar-plugin
2011-10-19 21:01:17,922 [main] INFO  o.e.m2e.actions.ExecutePomAction - Creating new launch configuration
2011-10-19 21:01:22,829 [Worker-6] INFO  o.e.m.i.launch.MavenLaunchDelegate - /home/josh/cadian/cadian-reflections
2011-10-19 21:01:22,829 [Worker-6] INFO  o.e.m.i.launch.MavenLaunchDelegate -  mvn -B jar
2011-10-19 21:01:33,566 [New I/O client worker #4-1] INFO  o.e.m.c.i.e.AbstractTransferListenerAdapter - Downloading http://repo1.maven.org/maven2/org/codehaus/plexus/plexus-classworlds/2.4/plexus-classworlds-2.4-sources.jar
2011-10-19 21:01:35,055 [New I/O client worker #4-1] INFO  o.e.m.c.i.e.AbstractTransferListenerAdapter - Downloaded http://repo1.maven.org/maven2/org/codehaus/plexus/plexus-classworlds/2.4/plexus-classworlds-2.4-sources.jar
2011-10-19 21:01:35,421 [New I/O client worker #5-1] INFO  o.e.m.c.i.e.AbstractTransferListenerAdapter - Downloading http://repo1.maven.org/maven2/org/apache/maven/maven-embedder/3.0.2/maven-embedder-3.0.2-sources.jar
2011-10-19 21:01:35,726 [New I/O client worker #5-1] INFO  o.e.m.c.i.e.AbstractTransferListenerAdapter - Downloaded http://repo1.maven.org/maven2/org/apache/maven/maven-embedder/3.0.2/maven-embedder-3.0.2-sources.jar
2011-10-19 21:01:36,081 [New I/O client worker #6-1] INFO  o.e.m.c.i.e.AbstractTransferListenerAdapter - Downloading http://repo1.maven.org/maven2/org/apache/maven/maven-settings/3.0.2/maven-settings-3.0.2-sources.jar
2011-10-19 21:01:36,379 [New I/O client worker #6-1] INFO  o.e.m.c.i.e.AbstractTransferListenerAdapter - Downloaded http://repo1.maven.org/maven2/org/apache/maven/maven-settings/3.0.2/maven-settings-3.0.2-sources.jar
2011-10-19 21:01:36,850 [New I/O client worker #7-1] INFO  o.e.m.c.i.e.AbstractTransferListenerAdapter - Downloading http://repo1.maven.org/maven2/org/apache/maven/maven-plugin-api/3.0.2/maven-plugin-api-3.0.2-sources.jar
2011-10-19 21:01:37,245 [New I/O client worker #7-1] INFO  o.e.m.c.i.e.AbstractTransferListenerAdapter - Downloaded http://repo1.maven.org/maven2/org/apache/maven/maven-plugin-api/3.0.2/maven-plugin-api-3.0.2-sources.jar
2011-10-19 21:01:37,606 [New I/O client worker #8-1] INFO  o.e.m.c.i.e.AbstractTransferListenerAdapter - Downloading http://repo1.maven.org/maven2/org/apache/maven/maven-model-builder/3.0.2/maven-model-builder-3.0.2-sources.jar
2011-10-19 21:01:38,249 [New I/O client worker #8-1] INFO  o.e.m.c.i.e.AbstractTransferListenerAdapter - Downloaded http://repo1.maven.org/maven2/org/apache/maven/maven-model-builder/3.0.2/maven-model-builder-3.0.2-sources.jar
2011-10-19 21:01:38,728 [New I/O client worker #9-1] INFO  o.e.m.c.i.e.AbstractTransferListenerAdapter - Downloading http://repo1.maven.org/maven2/org/sonatype/plexus/plexus-sec-dispatcher/1.3/plexus-sec-dispatcher-1.3-sources.jar
2011-10-19 21:01:39,307 [New I/O client worker #9-1] INFO  o.e.m.c.i.e.AbstractTransferListenerAdapter - Downloaded http://repo1.maven.org/maven2/org/sonatype/plexus/plexus-sec-dispatcher/1.3/plexus-sec-dispatcher-1.3-sources.jar
2011-10-19 21:01:39,960 [New I/O client worker #10-1] INFO  o.e.m.c.i.e.AbstractTransferListenerAdapter - Downloading http://repo1.maven.org/maven2/org/sonatype/plexus/plexus-cipher/1.4/plexus-cipher-1.4-sources.jar
2011-10-19 21:01:40,270 [New I/O client worker #10-1] INFO  o.e.m.c.i.e.AbstractTransferListenerAdapter - Downloaded http://repo1.maven.org/maven2/org/sonatype/plexus/plexus-cipher/1.4/plexus-cipher-1.4-sources.jar
2011-10-19 21:01:40,688 [New I/O client worker #11-1] INFO  o.e.m.c.i.e.AbstractTransferListenerAdapter - Downloading http://repo1.maven.org/maven2/org/apache/maven/maven-core/3.0.2/maven-core-3.0.2-sources.jar
2011-10-19 21:01:42,080 [New I/O client worker #11-1] INFO  o.e.m.c.i.e.AbstractTransferListenerAdapter - Downloaded http://repo1.maven.org/maven2/org/apache/maven/maven-core/3.0.2/maven-core-3.0.2-sources.jar
2011-10-19 21:01:42,590 [New I/O client worker #12-1] INFO  o.e.m.c.i.e.AbstractTransferListenerAdapter - Downloading http://repo1.maven.org/maven2/org/apache/maven/maven-model/3.0.2/maven-model-3.0.2-sources.jar
2011-10-19 21:01:43,249 [New I/O client worker #12-1] INFO  o.e.m.c.i.e.AbstractTransferListenerAdapter - Downloaded http://repo1.maven.org/maven2/org/apache/maven/maven-model/3.0.2/maven-model-3.0.2-sources.jar
2011-10-19 21:01:43,580 [New I/O client worker #13-1] INFO  o.e.m.c.i.e.AbstractTransferListenerAdapter - Downloading http://repo1.maven.org/maven2/org/apache/maven/maven-settings-builder/3.0.2/maven-settings-builder-3.0.2-sources.jar
2011-10-19 21:01:43,921 [New I/O client worker #13-1] INFO  o.e.m.c.i.e.AbstractTransferListenerAdapter - Downloaded http://repo1.maven.org/maven2/org/apache/maven/maven-settings-builder/3.0.2/maven-settings-builder-3.0.2-sources.jar
2011-10-19 21:01:44,315 [New I/O client worker #14-1] INFO  o.e.m.c.i.e.AbstractTransferListenerAdapter - Downloading http://repo1.maven.org/maven2/org/apache/maven/maven-repository-metadata/3.0.2/maven-repository-metadata-3.0.2-sources.jar
2011-10-19 21:01:44,544 [New I/O client worker #14-1] INFO  o.e.m.c.i.e.AbstractTransferListenerAdapter - Downloaded http://repo1.maven.org/maven2/org/apache/maven/maven-repository-metadata/3.0.2/maven-repository-metadata-3.0.2-sources.jar
2011-10-19 21:01:44,858 [New I/O client worker #15-1] INFO  o.e.m.c.i.e.AbstractTransferListenerAdapter - Downloading http://repo1.maven.org/maven2/org/apache/maven/maven-artifact/3.0.2/maven-artifact-3.0.2-sources.jar
2011-10-19 21:01:45,217 [New I/O client worker #15-1] INFO  o.e.m.c.i.e.AbstractTransferListenerAdapter - Downloaded http://repo1.maven.org/maven2/org/apache/maven/maven-artifact/3.0.2/maven-artifact-3.0.2-sources.jar
2011-10-19 21:01:45,556 [New I/O client worker #16-1] INFO  o.e.m.c.i.e.AbstractTransferListenerAdapter - Downloading http://repo1.maven.org/maven2/org/apache/maven/maven-aether-provider/3.0.2/maven-aether-provider-3.0.2-sources.jar
2011-10-19 21:01:46,059 [New I/O client worker #16-1] INFO  o.e.m.c.i.e.AbstractTransferListenerAdapter - Downloaded http://repo1.maven.org/maven2/org/apache/maven/maven-aether-provider/3.0.2/maven-aether-provider-3.0.2-sources.jar
2011-10-19 21:01:46,989 [New I/O client worker #17-1] INFO  o.e.m.c.i.e.AbstractTransferListenerAdapter - Downloading http://repo1.maven.org/maven2/org/codehaus/plexus/plexus-interpolation/1.14/plexus-interpolation-1.14-sources.jar
2011-10-19 21:01:48,029 [New I/O client worker #17-1] INFO  o.e.m.c.i.e.AbstractTransferListenerAdapter - Downloaded http://repo1.maven.org/maven2/org/codehaus/plexus/plexus-interpolation/1.14/plexus-interpolation-1.14-sources.jar
2011-10-19 21:01:48,513 [New I/O client worker #18-1] INFO  o.e.m.c.i.e.AbstractTransferListenerAdapter - Downloading http://repo1.maven.org/maven2/org/apache/maven/maven-compat/3.0.2/maven-compat-3.0.2-sources.jar
2011-10-19 21:01:49,558 [New I/O client worker #18-1] INFO  o.e.m.c.i.e.AbstractTransferListenerAdapter - Downloaded http://repo1.maven.org/maven2/org/apache/maven/maven-compat/3.0.2/maven-compat-3.0.2-sources.jar
2011-10-19 21:01:49,880 [New I/O client worker #19-1] INFO  o.e.m.c.i.e.AbstractTransferListenerAdapter - Downloading http://repo1.maven.org/maven2/commons-cli/commons-cli/1.2/commons-cli-1.2-sources.jar
2011-10-19 21:01:50,233 [New I/O client worker #19-1] INFO  o.e.m.c.i.e.AbstractTransferListenerAdapter - Downloaded http://repo1.maven.org/maven2/commons-cli/commons-cli/1.2/commons-cli-1.2-sources.jar
2011-10-19 21:01:50,611 [New I/O client worker #20-1] INFO  o.e.m.c.i.e.AbstractTransferListenerAdapter - Downloading http://repo1.maven.org/maven2/org/apache/maven/wagon/wagon-file/1.0-beta-7/wagon-file-1.0-beta-7-sources.jar
2011-10-19 21:01:50,750 [New I/O client worker #20-1] INFO  o.e.m.c.i.e.AbstractTransferListenerAdapter - Downloaded http://repo1.maven.org/maven2/org/apache/maven/wagon/wagon-file/1.0-beta-7/wagon-file-1.0-beta-7-sources.jar
2011-10-19 21:01:51,115 [New I/O client worker #21-1] INFO  o.e.m.c.i.e.AbstractTransferListenerAdapter - Downloading http://repo1.maven.org/maven2/org/sonatype/sisu/inject/guice-plexus-shim/2.0.0/guice-plexus-shim-2.0.0-sources.jar
2011-10-19 21:01:51,694 [New I/O client worker #21-1] INFO  o.e.m.c.i.e.AbstractTransferListenerAdapter - Downloaded http://repo1.maven.org/maven2/org/sonatype/sisu/inject/guice-plexus-shim/2.0.0/guice-plexus-shim-2.0.0-sources.jar
2011-10-19 21:01:52,059 [New I/O client worker #22-1] INFO  o.e.m.c.i.e.AbstractTransferListenerAdapter - Downloading http://repo1.maven.org/maven2/org/codehaus/plexus/plexus-component-annotations/1.5.5/plexus-component-annotations-1.5.5-sources.jar
2011-10-19 21:01:52,147 [New I/O client worker #22-1] INFO  o.e.m.c.i.e.AbstractTransferListenerAdapter - Downloaded http://repo1.maven.org/maven2/org/codehaus/plexus/plexus-component-annotations/1.5.5/plexus-component-annotations-1.5.5-sources.jar
2011-10-19 21:01:52,560 [New I/O client worker #23-1] INFO  o.e.m.c.i.e.AbstractTransferListenerAdapter - Downloading http://repo1.maven.org/maven2/org/sonatype/sisu/inject/guice-bean-reflect/2.0.0/guice-bean-reflect-2.0.0-sources.jar
2011-10-19 21:01:52,830 [New I/O client worker #23-1] INFO  o.e.m.c.i.e.AbstractTransferListenerAdapter - Downloaded http://repo1.maven.org/maven2/org/sonatype/sisu/inject/guice-bean-reflect/2.0.0/guice-bean-reflect-2.0.0-sources.jar
2011-10-19 21:01:53,143 [New I/O client worker #24-1] INFO  o.e.m.c.i.e.AbstractTransferListenerAdapter - Downloading http://repo1.maven.org/maven2/org/sonatype/sisu/inject/guice-bean-inject/2.0.0/guice-bean-inject-2.0.0-sources.jar
2011-10-19 21:01:53,206 [New I/O client worker #24-1] INFO  o.e.m.c.i.e.AbstractTransferListenerAdapter - Downloaded http://repo1.maven.org/maven2/org/sonatype/sisu/inject/guice-bean-inject/2.0.0/guice-bean-inject-2.0.0-sources.jar
2011-10-19 21:01:53,645 [New I/O client worker #25-1] INFO  o.e.m.c.i.e.AbstractTransferListenerAdapter - Downloading http://repo1.maven.org/maven2/org/sonatype/sisu/inject/guice-bean-locators/2.0.0/guice-bean-locators-2.0.0-sources.jar
2011-10-19 21:01:53,927 [New I/O client worker #25-1] INFO  o.e.m.c.i.e.AbstractTransferListenerAdapter - Downloaded http://repo1.maven.org/maven2/org/sonatype/sisu/inject/guice-bean-locators/2.0.0/guice-bean-locators-2.0.0-sources.jar
2011-10-19 21:01:54,295 [New I/O client worker #26-1] INFO  o.e.m.c.i.e.AbstractTransferListenerAdapter - Downloading http://repo1.maven.org/maven2/org/sonatype/sisu/inject/guice-bean-binders/2.0.0/guice-bean-binders-2.0.0-sources.jar
2011-10-19 21:01:54,544 [New I/O client worker #26-1] INFO  o.e.m.c.i.e.AbstractTransferListenerAdapter - Downloaded http://repo1.maven.org/maven2/org/sonatype/sisu/inject/guice-bean-binders/2.0.0/guice-bean-binders-2.0.0-sources.jar
2011-10-19 21:01:54,867 [New I/O client worker #27-1] INFO  o.e.m.c.i.e.AbstractTransferListenerAdapter - Downloading http://repo1.maven.org/maven2/org/sonatype/sisu/inject/guice-bean-scanners/2.0.0/guice-bean-scanners-2.0.0-sources.jar
2011-10-19 21:01:55,476 [New I/O client worker #27-1] INFO  o.e.m.c.i.e.AbstractTransferListenerAdapter - Downloaded http://repo1.maven.org/maven2/org/sonatype/sisu/inject/guice-bean-scanners/2.0.0/guice-bean-scanners-2.0.0-sources.jar
2011-10-19 21:01:55,793 [New I/O client worker #28-1] INFO  o.e.m.c.i.e.AbstractTransferListenerAdapter - Downloading http://repo1.maven.org/maven2/org/sonatype/sisu/inject/guice-bean-converters/2.0.0/guice-bean-converters-2.0.0-sources.jar
2011-10-19 21:01:55,858 [New I/O client worker #28-1] INFO  o.e.m.c.i.e.AbstractTransferListenerAdapter - Downloaded http://repo1.maven.org/maven2/org/sonatype/sisu/inject/guice-bean-converters/2.0.0/guice-bean-converters-2.0.0-sources.jar
2011-10-19 21:01:56,295 [New I/O client worker #29-1] INFO  o.e.m.c.i.e.AbstractTransferListenerAdapter - Downloading http://repo1.maven.org/maven2/org/sonatype/sisu/inject/guice-plexus-metadata/2.0.0/guice-plexus-metadata-2.0.0-sources.jar
2011-10-19 21:01:56,424 [New I/O client worker #29-1] INFO  o.e.m.c.i.e.AbstractTransferListenerAdapter - Downloaded http://repo1.maven.org/maven2/org/sonatype/sisu/inject/guice-plexus-metadata/2.0.0/guice-plexus-metadata-2.0.0-sources.jar
2011-10-19 21:01:56,794 [New I/O client worker #30-1] INFO  o.e.m.c.i.e.AbstractTransferListenerAdapter - Downloading http://repo1.maven.org/maven2/org/sonatype/sisu/inject/guice-plexus-converters/2.0.0/guice-plexus-converters-2.0.0-sources.jar
2011-10-19 21:01:56,864 [New I/O client worker #30-1] INFO  o.e.m.c.i.e.AbstractTransferListenerAdapter - Downloaded http://repo1.maven.org/maven2/org/sonatype/sisu/inject/guice-plexus-converters/2.0.0/guice-plexus-converters-2.0.0-sources.jar
2011-10-19 21:01:57,292 [New I/O client worker #31-1] INFO  o.e.m.c.i.e.AbstractTransferListenerAdapter - Downloading http://repo1.maven.org/maven2/org/sonatype/sisu/inject/guice-plexus-locators/2.0.0/guice-plexus-locators-2.0.0-sources.jar
2011-10-19 21:01:57,365 [New I/O client worker #31-1] INFO  o.e.m.c.i.e.AbstractTransferListenerAdapter - Downloaded http://repo1.maven.org/maven2/org/sonatype/sisu/inject/guice-plexus-locators/2.0.0/guice-plexus-locators-2.0.0-sources.jar
2011-10-19 21:01:57,851 [New I/O client worker #32-1] INFO  o.e.m.c.i.e.AbstractTransferListenerAdapter - Downloading http://repo1.maven.org/maven2/org/sonatype/sisu/inject/guice-plexus-binders/2.0.0/guice-plexus-binders-2.0.0-sources.jar
2011-10-19 21:01:57,981 [New I/O client worker #32-1] INFO  o.e.m.c.i.e.AbstractTransferListenerAdapter - Downloaded http://repo1.maven.org/maven2/org/sonatype/sisu/inject/guice-plexus-binders/2.0.0/guice-plexus-binders-2.0.0-sources.jar
2011-10-19 21:01:58,354 [New I/O client worker #33-1] INFO  o.e.m.c.i.e.AbstractTransferListenerAdapter - Downloading http://repo1.maven.org/maven2/org/sonatype/sisu/inject/guice-plexus-scanners/2.0.0/guice-plexus-scanners-2.0.0-sources.jar
2011-10-19 21:01:58,498 [New I/O client worker #33-1] INFO  o.e.m.c.i.e.AbstractTransferListenerAdapter - Downloaded http://repo1.maven.org/maven2/org/sonatype/sisu/inject/guice-plexus-scanners/2.0.0/guice-plexus-scanners-2.0.0-sources.jar
2011-10-19 21:01:58,843 [New I/O client worker #34-1] INFO  o.e.m.c.i.e.AbstractTransferListenerAdapter - Downloading http://repo1.maven.org/maven2/org/codehaus/plexus/plexus-utils/2.0.6/plexus-utils-2.0.6-sources.jar
2011-10-19 21:01:59,726 [New I/O client worker #34-1] INFO  o.e.m.c.i.e.AbstractTransferListenerAdapter - Downloaded http://repo1.maven.org/maven2/org/codehaus/plexus/plexus-utils/2.0.6/plexus-utils-2.0.6-sources.jar
2011-10-19 21:02:00,051 [New I/O client worker #35-1] INFO  o.e.m.c.i.e.AbstractTransferListenerAdapter - Downloading http://repo1.maven.org/maven2/org/sonatype/aether/aether-connector-wagon/1.11/aether-connector-wagon-1.11-sources.jar
2011-10-19 21:02:00,254 [New I/O client worker #35-1] INFO  o.e.m.c.i.e.AbstractTransferListenerAdapter - Downloaded http://repo1.maven.org/maven2/org/sonatype/aether/aether-connector-wagon/1.11/aether-connector-wagon-1.11-sources.jar
2011-10-19 21:02:00,577 [New I/O client worker #36-1] INFO  o.e.m.c.i.e.AbstractTransferListenerAdapter - Downloading http://repo1.maven.org/maven2/org/sonatype/aether/aether-api/1.11/aether-api-1.11-sources.jar
2011-10-19 21:02:01,277 [New I/O client worker #36-1] INFO  o.e.m.c.i.e.AbstractTransferListenerAdapter - Downloaded http://repo1.maven.org/maven2/org/sonatype/aether/aether-api/1.11/aether-api-1.11-sources.jar
2011-10-19 21:02:01,595 [New I/O client worker #37-1] INFO  o.e.m.c.i.e.AbstractTransferListenerAdapter - Downloading http://repo1.maven.org/maven2/org/sonatype/aether/aether-spi/1.11/aether-spi-1.11-sources.jar
2011-10-19 21:02:01,825 [New I/O client worker #37-1] INFO  o.e.m.c.i.e.AbstractTransferListenerAdapter - Downloaded http://repo1.maven.org/maven2/org/sonatype/aether/aether-spi/1.11/aether-spi-1.11-sources.jar
2011-10-19 21:02:02,145 [New I/O client worker #38-1] INFO  o.e.m.c.i.e.AbstractTransferListenerAdapter - Downloading http://repo1.maven.org/maven2/org/sonatype/aether/aether-util/1.11/aether-util-1.11-sources.jar
2011-10-19 21:02:02,669 [New I/O client worker #38-1] INFO  o.e.m.c.i.e.AbstractTransferListenerAdapter - Downloaded http://repo1.maven.org/maven2/org/sonatype/aether/aether-util/1.11/aether-util-1.11-sources.jar
2011-10-19 21:02:03,010 [New I/O client worker #39-1] INFO  o.e.m.c.i.e.AbstractTransferListenerAdapter - Downloading http://repo1.maven.org/maven2/org/apache/maven/wagon/wagon-provider-api/1.0-beta-6/wagon-provider-api-1.0-beta-6-sources.jar
2011-10-19 21:02:03,432 [New I/O client worker #39-1] INFO  o.e.m.c.i.e.AbstractTransferListenerAdapter - Downloaded http://repo1.maven.org/maven2/org/apache/maven/wagon/wagon-provider-api/1.0-beta-6/wagon-provider-api-1.0-beta-6-sources.jar
2011-10-19 21:02:04,018 [New I/O client worker #40-1] INFO  o.e.m.c.i.e.AbstractTransferListenerAdapter - Downloading http://repo1.maven.org/maven2/org/sonatype/aether/aether-impl/1.11/aether-impl-1.11-sources.jar
2011-10-19 21:02:04,519 [New I/O client worker #40-1] INFO  o.e.m.c.i.e.AbstractTransferListenerAdapter - Downloaded http://repo1.maven.org/maven2/org/sonatype/aether/aether-impl/1.11/aether-impl-1.11-sources.jar
2011-10-19 21:02:04,857 [New I/O client worker #41-1] INFO  o.e.m.c.i.e.AbstractTransferListenerAdapter - Downloading http://repo1.maven.org/maven2/org/sonatype/aether/aether-connector-asynchttpclient/1.11/aether-connector-asynchttpclient-1.11-sources.jar
2011-10-19 21:02:05,078 [New I/O client worker #41-1] INFO  o.e.m.c.i.e.AbstractTransferListenerAdapter - Downloaded http://repo1.maven.org/maven2/org/sonatype/aether/aether-connector-asynchttpclient/1.11/aether-connector-asynchttpclient-1.11-sources.jar
2011-10-19 21:02:05,408 [New I/O client worker #42-1] INFO  o.e.m.c.i.e.AbstractTransferListenerAdapter - Downloading http://repo1.maven.org/maven2/org/sonatype/maven/wagon-ahc/1.2.0/wagon-ahc-1.2.0-sources.jar
2011-10-19 21:02:05,581 [New I/O client worker #42-1] INFO  o.e.m.c.i.e.AbstractTransferListenerAdapter - Downloaded http://repo1.maven.org/maven2/org/sonatype/maven/wagon-ahc/1.2.0/wagon-ahc-1.2.0-sources.jar
2011-10-19 21:02:05,915 [New I/O client worker #43-1] INFO  o.e.m.c.i.e.AbstractTransferListenerAdapter - Downloading http://repo1.maven.org/maven2/com/ning/async-http-client/1.6.3/async-http-client-1.6.3-sources.jar
2011-10-19 21:02:06,769 [New I/O client worker #43-1] INFO  o.e.m.c.i.e.AbstractTransferListenerAdapter - Downloaded http://repo1.maven.org/maven2/com/ning/async-http-client/1.6.3/async-http-client-1.6.3-sources.jar
2011-10-19 21:02:07,102 [New I/O client worker #44-1] INFO  o.e.m.c.i.e.AbstractTransferListenerAdapter - Downloading http://repo1.maven.org/maven2/org/jboss/netty/netty/3.2.4.Final/netty-3.2.4.Final-sources.jar
2011-10-19 21:02:09,336 [New I/O client worker #44-1] INFO  o.e.m.c.i.e.AbstractTransferListenerAdapter - Downloaded http://repo1.maven.org/maven2/org/jboss/netty/netty/3.2.4.Final/netty-3.2.4.Final-sources.jar
2011-10-19 21:02:34,218 [main] INFO  o.e.m2e.actions.ExecutePomAction - Creating new launch configuration
2011-10-19 21:02:37,819 [Worker-0] INFO  o.e.m.i.launch.MavenLaunchDelegate - /home/josh/cadian/cadian-reflections
2011-10-19 21:02:37,819 [Worker-0] INFO  o.e.m.i.launch.MavenLaunchDelegate -  mvn -B jar:jar
2011-10-19 21:03:03,512 [Worker-5] INFO  o.e.m.c.i.embedder.EclipseLogger - Using 'UTF-8' encoding to copy filtered resources.
2011-10-19 21:03:03,525 [Worker-5] INFO  o.e.m.c.i.embedder.EclipseLogger - skip non existing resourceDirectory /home/josh/cadian/cadian-reflections/src/main/resources
2011-10-19 21:03:03,542 [Worker-5] INFO  o.e.m.c.i.embedder.EclipseLogger - Using 'UTF-8' encoding to copy filtered resources.
2011-10-19 21:03:03,542 [Worker-5] INFO  o.e.m.c.i.embedder.EclipseLogger - skip non existing resourceDirectory /home/josh/cadian/cadian-reflections/src/test/resources
2011-10-19 21:03:14,450 [main] INFO  o.e.m2e.actions.ExecutePomAction - Using existing launch configuration
2011-10-19 21:03:18,559 [Worker-11] INFO  o.e.m.i.launch.MavenLaunchDelegate - /home/josh/cadian/cadian-properties
2011-10-19 21:03:18,559 [Worker-11] INFO  o.e.m.i.launch.MavenLaunchDelegate -  mvn -B jar:jar
2011-10-19 21:03:49,105 [Worker-5] INFO  o.e.m.i.launch.MavenLaunchDelegate - /home/josh/cadian/cadian-reflections
2011-10-19 21:03:49,105 [Worker-5] INFO  o.e.m.i.launch.MavenLaunchDelegate -  mvn -B install
2011-10-19 21:04:16,301 [Worker-7] INFO  o.e.m.c.i.embedder.EclipseLogger - Using 'UTF-8' encoding to copy filtered resources.
2011-10-19 21:04:16,302 [Worker-7] INFO  o.e.m.c.i.embedder.EclipseLogger - skip non existing resourceDirectory /home/josh/cadian/cadian-reflections/src/main/resources
2011-10-19 21:04:16,304 [Worker-7] INFO  o.e.m.c.i.embedder.EclipseLogger - Using 'UTF-8' encoding to copy filtered resources.
2011-10-19 21:04:16,304 [Worker-7] INFO  o.e.m.c.i.embedder.EclipseLogger - skip non existing resourceDirectory /home/josh/cadian/cadian-reflections/src/test/resources
2011-10-19 21:05:06,118 [main] INFO  o.e.m2e.actions.ExecutePomAction - Using existing launch configuration
2011-10-19 21:05:06,160 [Worker-1] INFO  o.e.m.i.launch.MavenLaunchDelegate - /home/josh/cadian/cadian-properties
2011-10-19 21:05:06,160 [Worker-1] INFO  o.e.m.i.launch.MavenLaunchDelegate -  mvn -B jar:jar
2011-10-19 21:06:43,308 [Worker-13] INFO  o.e.m.c.u.i.UpdateConfigurationJob - Update started
2011-10-19 21:06:43,431 [Worker-13] INFO  o.e.m.c.i.l.LifecycleMappingFactory - Using org.eclipse.m2e.jdt.JarLifecycleMapping lifecycle mapping for MavenProject: org.cadian:properties:1.0.0 @ /home/josh/cadian/cadian-properties/pom.xml.
2011-10-19 21:06:43,568 [Worker-13] INFO  o.e.m.j.i.AbstractJavaProjectConfigurator - Adding source folder /cadian-properties/src/main/java
2011-10-19 21:06:43,568 [Worker-13] INFO  o.e.m.j.i.AbstractJavaProjectConfigurator - Adding resource folder /cadian-properties/src/main/resources
2011-10-19 21:06:43,603 [Worker-13] INFO  o.e.m.j.i.AbstractJavaProjectConfigurator - Adding source folder /cadian-properties/src/test/java
2011-10-19 21:06:43,604 [Worker-13] INFO  o.e.m.j.i.AbstractJavaProjectConfigurator - Adding resource folder /cadian-properties/src/test/resources
2011-10-19 21:06:43,870 [Worker-13] INFO  o.e.m.c.i.l.LifecycleMappingFactory - Using org.eclipse.m2e.jdt.JarLifecycleMapping lifecycle mapping for MavenProject: org.cadian:reflections:1.0.0 @ /home/josh/cadian/cadian-reflections/pom.xml.
2011-10-19 21:06:44,054 [Worker-13] INFO  o.e.m.j.i.AbstractJavaProjectConfigurator - Adding source folder /cadian-reflections/src/main/java
2011-10-19 21:06:44,170 [Worker-13] INFO  o.e.m.c.u.i.UpdateConfigurationJob - Update completed: 0 sec
2011-10-19 21:06:44,574 [Worker-11] INFO  o.e.m.c.i.embedder.EclipseLogger - Using 'UTF-8' encoding to copy filtered resources.
2011-10-19 21:06:44,574 [Worker-11] INFO  o.e.m.c.i.embedder.EclipseLogger - skip non existing resourceDirectory /home/josh/cadian/cadian-reflections/src/main/resources
2011-10-19 21:06:44,575 [Worker-11] INFO  o.e.m.c.i.embedder.EclipseLogger - Using 'UTF-8' encoding to copy filtered resources.
2011-10-19 21:06:44,575 [Worker-11] INFO  o.e.m.c.i.embedder.EclipseLogger - skip non existing resourceDirectory /home/josh/cadian/cadian-reflections/src/test/resources
2011-10-19 21:06:44,868 [Worker-11] INFO  o.e.m.c.i.l.LifecycleMappingFactory - Using org.eclipse.m2e.jdt.JarLifecycleMapping lifecycle mapping for MavenProject: org.cadian:properties:1.0.0 @ /home/josh/cadian/cadian-properties/pom.xml.
2011-10-19 21:06:45,129 [Worker-11] INFO  o.e.m.c.i.embedder.EclipseLogger - Using 'UTF-8' encoding to copy filtered resources.
2011-10-19 21:06:45,130 [Worker-11] INFO  o.e.m.c.i.embedder.EclipseLogger - Copying 0 resource
2011-10-19 21:06:45,137 [Worker-11] INFO  o.e.m.c.i.embedder.EclipseLogger - Using 'UTF-8' encoding to copy filtered resources.
2011-10-19 21:06:45,138 [Worker-11] INFO  o.e.m.c.i.embedder.EclipseLogger - Copying 1 resource
2011-10-19 21:07:29,694 [Worker-1] INFO  o.e.m.i.launch.MavenLaunchDelegate - /home/josh/cadian/cadian-reflections
2011-10-19 21:07:29,694 [Worker-1] INFO  o.e.m.i.launch.MavenLaunchDelegate -  mvn -B install
2011-10-19 21:07:33,343 [Worker-7] INFO  o.e.m.c.i.embedder.EclipseLogger - Using 'UTF-8' encoding to copy filtered resources.
2011-10-19 21:07:33,345 [Worker-7] INFO  o.e.m.c.i.embedder.EclipseLogger - skip non existing resourceDirectory /home/josh/cadian/cadian-reflections/src/main/resources
2011-10-19 21:07:33,348 [Worker-7] INFO  o.e.m.c.i.embedder.EclipseLogger - Using 'UTF-8' encoding to copy filtered resources.
2011-10-19 21:07:33,348 [Worker-7] INFO  o.e.m.c.i.embedder.EclipseLogger - skip non existing resourceDirectory /home/josh/cadian/cadian-reflections/src/test/resources
2011-10-19 21:08:46,919 [Worker-5] INFO  o.e.m.i.launch.MavenLaunchDelegate - /home/josh/cadian/cadian-reflections
2011-10-19 21:08:46,919 [Worker-5] INFO  o.e.m.i.launch.MavenLaunchDelegate -  mvn -B install
2011-10-19 21:08:50,685 [Worker-5] INFO  o.e.m.c.i.embedder.EclipseLogger - Using 'UTF-8' encoding to copy filtered resources.
2011-10-19 21:08:50,686 [Worker-5] INFO  o.e.m.c.i.embedder.EclipseLogger - skip non existing resourceDirectory /home/josh/cadian/cadian-reflections/src/main/resources
2011-10-19 21:08:50,688 [Worker-5] INFO  o.e.m.c.i.embedder.EclipseLogger - Using 'UTF-8' encoding to copy filtered resources.
2011-10-19 21:08:50,688 [Worker-5] INFO  o.e.m.c.i.embedder.EclipseLogger - skip non existing resourceDirectory /home/josh/cadian/cadian-reflections/src/test/resources
2011-10-19 21:10:04,229 [Worker-10] INFO  o.e.m.c.i.embedder.EclipseLogger - Using 'UTF-8' encoding to copy filtered resources.
2011-10-19 21:10:04,230 [Worker-10] INFO  o.e.m.c.i.embedder.EclipseLogger - skip non existing resourceDirectory /home/josh/cadian/cadian-reflections/src/main/resources
2011-10-19 21:10:04,239 [Worker-10] INFO  o.e.m.c.i.embedder.EclipseLogger - Using 'UTF-8' encoding to copy filtered resources.
2011-10-19 21:10:04,239 [Worker-10] INFO  o.e.m.c.i.embedder.EclipseLogger - skip non existing resourceDirectory /home/josh/cadian/cadian-reflections/src/test/resources
2011-10-19 21:10:13,229 [Worker-1] INFO  o.e.m.c.i.embedder.EclipseLogger - Using 'UTF-8' encoding to copy filtered resources.
2011-10-19 21:10:13,229 [Worker-1] INFO  o.e.m.c.i.embedder.EclipseLogger - skip non existing resourceDirectory /home/josh/cadian/cadian-reflections/src/main/resources
2011-10-19 21:10:13,230 [Worker-1] INFO  o.e.m.c.i.embedder.EclipseLogger - Using 'UTF-8' encoding to copy filtered resources.
2011-10-19 21:10:13,230 [Worker-1] INFO  o.e.m.c.i.embedder.EclipseLogger - skip non existing resourceDirectory /home/josh/cadian/cadian-reflections/src/test/resources
2011-10-19 21:10:13,246 [Worker-1] INFO  o.e.m.c.i.embedder.EclipseLogger - Using 'UTF-8' encoding to copy filtered resources.
2011-10-19 21:10:13,247 [Worker-1] INFO  o.e.m.c.i.embedder.EclipseLogger - Copying 0 resource
2011-10-19 21:10:13,260 [Worker-1] INFO  o.e.m.c.i.embedder.EclipseLogger - Using 'UTF-8' encoding to copy filtered resources.
2011-10-19 21:10:13,260 [Worker-1] INFO  o.e.m.c.i.embedder.EclipseLogger - Copying 0 resource
2011-10-19 21:10:13,269 [Worker-1] INFO  o.e.m.c.i.embedder.EclipseLogger - Using 'UTF-8' encoding to copy filtered resources.
2011-10-19 21:10:13,269 [Worker-1] INFO  o.e.m.c.i.embedder.EclipseLogger - Copying 0 resource
2011-10-19 21:10:13,272 [Worker-1] INFO  o.e.m.c.i.embedder.EclipseLogger - Using 'UTF-8' encoding to copy filtered resources.
2011-10-19 21:10:13,272 [Worker-1] INFO  o.e.m.c.i.embedder.EclipseLogger - Copying 0 resource
2011-10-19 21:10:41,692 [Worker-5] INFO  o.e.m.c.i.l.LifecycleMappingFactory - Using org.eclipse.m2e.jdt.JarLifecycleMapping lifecycle mapping for MavenProject: org.cadian:reflections:1.0.0 @ /home/josh/cadian/cadian-reflections/pom.xml.
2011-10-19 21:10:41,820 [Worker-5] INFO  o.e.m.c.i.embedder.EclipseLogger - Using 'UTF-8' encoding to copy filtered resources.
2011-10-19 21:10:41,821 [Worker-5] INFO  o.e.m.c.i.embedder.EclipseLogger - skip non existing resourceDirectory /home/josh/cadian/cadian-reflections/src/main/resources
2011-10-19 21:10:41,821 [Worker-5] INFO  o.e.m.c.i.embedder.EclipseLogger - Using 'UTF-8' encoding to copy filtered resources.
2011-10-19 21:10:41,821 [Worker-5] INFO  o.e.m.c.i.embedder.EclipseLogger - skip non existing resourceDirectory /home/josh/cadian/cadian-reflections/src/test/resources
2011-10-19 21:11:08,322 [Worker-10] INFO  o.e.m.c.i.embedder.EclipseLogger - Using 'UTF-8' encoding to copy filtered resources.
2011-10-19 21:11:08,330 [Worker-10] INFO  o.e.m.c.i.embedder.EclipseLogger - skip non existing resourceDirectory /home/josh/cadian/cadian-reflections/src/main/resources
2011-10-19 21:11:08,333 [Worker-10] INFO  o.e.m.c.i.embedder.EclipseLogger - Using 'UTF-8' encoding to copy filtered resources.
2011-10-19 21:11:08,334 [Worker-10] INFO  o.e.m.c.i.embedder.EclipseLogger - skip non existing resourceDirectory /home/josh/cadian/cadian-reflections/src/test/resources
2011-10-19 21:11:21,964 [Worker-5] INFO  o.e.m.c.i.embedder.EclipseLogger - Using 'UTF-8' encoding to copy filtered resources.
2011-10-19 21:11:21,964 [Worker-5] INFO  o.e.m.c.i.embedder.EclipseLogger - skip non existing resourceDirectory /home/josh/cadian/cadian-reflections/src/main/resources
2011-10-19 21:11:21,965 [Worker-5] INFO  o.e.m.c.i.embedder.EclipseLogger - Using 'UTF-8' encoding to copy filtered resources.
2011-10-19 21:11:21,966 [Worker-5] INFO  o.e.m.c.i.embedder.EclipseLogger - skip non existing resourceDirectory /home/josh/cadian/cadian-reflections/src/test/resources
2011-10-19 21:11:21,990 [Worker-5] INFO  o.e.m.c.i.embedder.EclipseLogger - Using 'UTF-8' encoding to copy filtered resources.
2011-10-19 21:11:21,991 [Worker-5] INFO  o.e.m.c.i.embedder.EclipseLogger - Copying 0 resource
2011-10-19 21:11:21,991 [Worker-5] INFO  o.e.m.c.i.embedder.EclipseLogger - Using 'UTF-8' encoding to copy filtered resources.
2011-10-19 21:11:21,992 [Worker-5] INFO  o.e.m.c.i.embedder.EclipseLogger - Copying 0 resource
2011-10-19 21:11:22,118 [Worker-5] INFO  o.e.m.c.i.embedder.EclipseLogger - Using 'UTF-8' encoding to copy filtered resources.
2011-10-19 21:11:22,119 [Worker-5] INFO  o.e.m.c.i.embedder.EclipseLogger - Copying 0 resource
2011-10-19 21:11:22,121 [Worker-5] INFO  o.e.m.c.i.embedder.EclipseLogger - Using 'UTF-8' encoding to copy filtered resources.
2011-10-19 21:11:22,121 [Worker-5] INFO  o.e.m.c.i.embedder.EclipseLogger - Copying 0 resource
2011-10-19 21:11:41,209 [Worker-0] INFO  o.e.m.c.i.embedder.EclipseLogger - Using 'UTF-8' encoding to copy filtered resources.
2011-10-19 21:11:41,209 [Worker-0] INFO  o.e.m.c.i.embedder.EclipseLogger - skip non existing resourceDirectory /home/josh/cadian/cadian-reflections/src/main/resources
2011-10-19 21:11:41,210 [Worker-0] INFO  o.e.m.c.i.embedder.EclipseLogger - Using 'UTF-8' encoding to copy filtered resources.
2011-10-19 21:11:41,210 [Worker-0] INFO  o.e.m.c.i.embedder.EclipseLogger - skip non existing resourceDirectory /home/josh/cadian/cadian-reflections/src/test/resources
2011-10-19 21:11:41,355 [Worker-0] INFO  o.e.m.c.i.embedder.EclipseLogger - Using 'UTF-8' encoding to copy filtered resources.
2011-10-19 21:11:41,355 [Worker-0] INFO  o.e.m.c.i.embedder.EclipseLogger - Copying 0 resource
2011-10-19 21:11:41,356 [Worker-0] INFO  o.e.m.c.i.embedder.EclipseLogger - Using 'UTF-8' encoding to copy filtered resources.
2011-10-19 21:11:41,356 [Worker-0] INFO  o.e.m.c.i.embedder.EclipseLogger - Copying 0 resource
2011-10-19 21:11:41,477 [Worker-0] INFO  o.e.m.c.i.embedder.EclipseLogger - Using 'UTF-8' encoding to copy filtered resources.
2011-10-19 21:11:41,478 [Worker-0] INFO  o.e.m.c.i.embedder.EclipseLogger - Copying 0 resource
2011-10-19 21:11:41,481 [Worker-0] INFO  o.e.m.c.i.embedder.EclipseLogger - Using 'UTF-8' encoding to copy filtered resources.
2011-10-19 21:11:41,481 [Worker-0] INFO  o.e.m.c.i.embedder.EclipseLogger - Copying 0 resource
2011-10-19 21:11:54,697 [Worker-6] INFO  o.e.m.c.i.embedder.EclipseLogger - Using 'UTF-8' encoding to copy filtered resources.
2011-10-19 21:11:54,698 [Worker-6] INFO  o.e.m.c.i.embedder.EclipseLogger - skip non existing resourceDirectory /home/josh/cadian/cadian-reflections/src/main/resources
2011-10-19 21:11:54,698 [Worker-6] INFO  o.e.m.c.i.embedder.EclipseLogger - Using 'UTF-8' encoding to copy filtered resources.
2011-10-19 21:11:54,698 [Worker-6] INFO  o.e.m.c.i.embedder.EclipseLogger - skip non existing resourceDirectory /home/josh/cadian/cadian-reflections/src/test/resources
2011-10-19 21:12:27,388 [Worker-6] INFO  o.e.m.c.i.embedder.EclipseLogger - Using 'UTF-8' encoding to copy filtered resources.
2011-10-19 21:12:27,389 [Worker-6] INFO  o.e.m.c.i.embedder.EclipseLogger - skip non existing resourceDirectory /home/josh/cadian/cadian-reflections/src/main/resources
2011-10-19 21:12:27,389 [Worker-6] INFO  o.e.m.c.i.embedder.EclipseLogger - Using 'UTF-8' encoding to copy filtered resources.
2011-10-19 21:12:27,389 [Worker-6] INFO  o.e.m.c.i.embedder.EclipseLogger - skip non existing resourceDirectory /home/josh/cadian/cadian-reflections/src/test/resources
2011-10-19 21:12:32,789 [Worker-14] INFO  o.e.m.c.i.embedder.EclipseLogger - Using 'UTF-8' encoding to copy filtered resources.
2011-10-19 21:12:32,789 [Worker-14] INFO  o.e.m.c.i.embedder.EclipseLogger - skip non existing resourceDirectory /home/josh/cadian/cadian-reflections/src/main/resources
2011-10-19 21:12:32,791 [Worker-14] INFO  o.e.m.c.i.embedder.EclipseLogger - Using 'UTF-8' encoding to copy filtered resources.
2011-10-19 21:12:32,791 [Worker-14] INFO  o.e.m.c.i.embedder.EclipseLogger - skip non existing resourceDirectory /home/josh/cadian/cadian-reflections/src/test/resources
2011-10-19 21:12:35,680 [Worker-14] INFO  o.e.m.c.i.embedder.EclipseLogger - Using 'UTF-8' encoding to copy filtered resources.
2011-10-19 21:12:35,681 [Worker-14] INFO  o.e.m.c.i.embedder.EclipseLogger - skip non existing resourceDirectory /home/josh/cadian/cadian-reflections/src/main/resources
2011-10-19 21:12:35,682 [Worker-14] INFO  o.e.m.c.i.embedder.EclipseLogger - Using 'UTF-8' encoding to copy filtered resources.
2011-10-19 21:12:35,682 [Worker-14] INFO  o.e.m.c.i.embedder.EclipseLogger - skip non existing resourceDirectory /home/josh/cadian/cadian-reflections/src/test/resources
2011-10-19 21:12:49,733 [Worker-6] INFO  o.e.m.i.launch.MavenLaunchDelegate - /home/josh/cadian/cadian-reflections
2011-10-19 21:12:49,734 [Worker-6] INFO  o.e.m.i.launch.MavenLaunchDelegate -  mvn -B install
2011-10-19 21:12:54,045 [Worker-15] INFO  o.e.m.c.i.embedder.EclipseLogger - Using 'UTF-8' encoding to copy filtered resources.
2011-10-19 21:12:54,046 [Worker-15] INFO  o.e.m.c.i.embedder.EclipseLogger - skip non existing resourceDirectory /home/josh/cadian/cadian-reflections/src/main/resources
2011-10-19 21:12:54,047 [Worker-15] INFO  o.e.m.c.i.embedder.EclipseLogger - Using 'UTF-8' encoding to copy filtered resources.
2011-10-19 21:12:54,047 [Worker-15] INFO  o.e.m.c.i.embedder.EclipseLogger - skip non existing resourceDirectory /home/josh/cadian/cadian-reflections/src/test/resources
2011-10-19 21:13:55,327 [Worker-5] INFO  o.e.m.c.i.embedder.EclipseLogger - Using 'UTF-8' encoding to copy filtered resources.
2011-10-19 21:13:55,327 [Worker-5] INFO  o.e.m.c.i.embedder.EclipseLogger - skip non existing resourceDirectory /home/josh/cadian/cadian-reflections/src/main/resources
2011-10-19 21:13:55,328 [Worker-5] INFO  o.e.m.c.i.embedder.EclipseLogger - Using 'UTF-8' encoding to copy filtered resources.
2011-10-19 21:13:55,328 [Worker-5] INFO  o.e.m.c.i.embedder.EclipseLogger - skip non existing resourceDirectory /home/josh/cadian/cadian-reflections/src/test/resources
2011-10-19 21:15:04,398 [Worker-1] INFO  o.e.m.c.i.embedder.EclipseLogger - Using 'UTF-8' encoding to copy filtered resources.
2011-10-19 21:15:04,398 [Worker-1] INFO  o.e.m.c.i.embedder.EclipseLogger - skip non existing resourceDirectory /home/josh/cadian/cadian-reflections/src/main/resources
2011-10-19 21:15:04,403 [Worker-1] INFO  o.e.m.c.i.embedder.EclipseLogger - Using 'UTF-8' encoding to copy filtered resources.
2011-10-19 21:15:04,403 [Worker-1] INFO  o.e.m.c.i.embedder.EclipseLogger - skip non existing resourceDirectory /home/josh/cadian/cadian-reflections/src/test/resources
2011-10-19 21:15:11,159 [Worker-12] INFO  o.e.m.i.launch.MavenLaunchDelegate - /home/josh/cadian/cadian-reflections
2011-10-19 21:15:11,159 [Worker-12] INFO  o.e.m.i.launch.MavenLaunchDelegate -  mvn -B install
2011-10-19 21:15:15,027 [Worker-11] INFO  o.e.m.c.i.embedder.EclipseLogger - Using 'UTF-8' encoding to copy filtered resources.
2011-10-19 21:15:15,029 [Worker-11] INFO  o.e.m.c.i.embedder.EclipseLogger - skip non existing resourceDirectory /home/josh/cadian/cadian-reflections/src/main/resources
2011-10-19 21:15:15,031 [Worker-11] INFO  o.e.m.c.i.embedder.EclipseLogger - Using 'UTF-8' encoding to copy filtered resources.
2011-10-19 21:15:15,031 [Worker-11] INFO  o.e.m.c.i.embedder.EclipseLogger - skip non existing resourceDirectory /home/josh/cadian/cadian-reflections/src/test/resources
2011-10-19 21:15:22,385 [Worker-1] INFO  o.e.m.c.i.embedder.EclipseLogger - Using 'UTF-8' encoding to copy filtered resources.
2011-10-19 21:15:22,385 [Worker-1] INFO  o.e.m.c.i.embedder.EclipseLogger - skip non existing resourceDirectory /home/josh/cadian/cadian-reflections/src/main/resources
2011-10-19 21:15:22,386 [Worker-1] INFO  o.e.m.c.i.embedder.EclipseLogger - Using 'UTF-8' encoding to copy filtered resources.
2011-10-19 21:15:22,386 [Worker-1] INFO  o.e.m.c.i.embedder.EclipseLogger - skip non existing resourceDirectory /home/josh/cadian/cadian-reflections/src/test/resources
2011-10-19 21:16:26,258 [Worker-12] INFO  o.e.m.c.i.embedder.EclipseLogger - Using 'UTF-8' encoding to copy filtered resources.
2011-10-19 21:16:26,258 [Worker-12] INFO  o.e.m.c.i.embedder.EclipseLogger - skip non existing resourceDirectory /home/josh/cadian/cadian-reflections/src/main/resources
2011-10-19 21:16:26,258 [Worker-12] INFO  o.e.m.c.i.embedder.EclipseLogger - Using 'UTF-8' encoding to copy filtered resources.
2011-10-19 21:16:26,258 [Worker-12] INFO  o.e.m.c.i.embedder.EclipseLogger - skip non existing resourceDirectory /home/josh/cadian/cadian-reflections/src/test/resources
2011-10-19 21:17:20,015 [Worker-7] INFO  o.e.m.i.launch.MavenLaunchDelegate - /home/josh/cadian/cadian-reflections
2011-10-19 21:17:20,016 [Worker-7] INFO  o.e.m.i.launch.MavenLaunchDelegate -  mvn -B install
2011-10-19 21:17:24,112 [Worker-0] INFO  o.e.m.c.i.embedder.EclipseLogger - Using 'UTF-8' encoding to copy filtered resources.
2011-10-19 21:17:24,114 [Worker-0] INFO  o.e.m.c.i.embedder.EclipseLogger - skip non existing resourceDirectory /home/josh/cadian/cadian-reflections/src/main/resources
2011-10-19 21:17:24,116 [Worker-0] INFO  o.e.m.c.i.embedder.EclipseLogger - Using 'UTF-8' encoding to copy filtered resources.
2011-10-19 21:17:24,116 [Worker-0] INFO  o.e.m.c.i.embedder.EclipseLogger - skip non existing resourceDirectory /home/josh/cadian/cadian-reflections/src/test/resources
2011-10-19 21:19:41,514 [Worker-10] INFO  o.e.m.c.i.embedder.EclipseLogger - Using 'UTF-8' encoding to copy filtered resources.
2011-10-19 21:19:41,515 [Worker-10] INFO  o.e.m.c.i.embedder.EclipseLogger - skip non existing resourceDirectory /home/josh/cadian/cadian-reflections/src/main/resources
2011-10-19 21:19:41,515 [Worker-10] INFO  o.e.m.c.i.embedder.EclipseLogger - Using 'UTF-8' encoding to copy filtered resources.
2011-10-19 21:19:41,515 [Worker-10] INFO  o.e.m.c.i.embedder.EclipseLogger - skip non existing resourceDirectory /home/josh/cadian/cadian-reflections/src/test/resources
2011-10-19 21:19:54,947 [Worker-14] INFO  o.e.m.i.launch.MavenLaunchDelegate - /home/josh/cadian/cadian-reflections
2011-10-19 21:19:54,947 [Worker-14] INFO  o.e.m.i.launch.MavenLaunchDelegate -  mvn -B install
2011-10-19 21:19:59,197 [Worker-11] INFO  o.e.m.c.i.embedder.EclipseLogger - Using 'UTF-8' encoding to copy filtered resources.
2011-10-19 21:19:59,199 [Worker-11] INFO  o.e.m.c.i.embedder.EclipseLogger - skip non existing resourceDirectory /home/josh/cadian/cadian-reflections/src/main/resources
2011-10-19 21:19:59,199 [Worker-11] INFO  o.e.m.c.i.embedder.EclipseLogger - Using 'UTF-8' encoding to copy filtered resources.
2011-10-19 21:19:59,199 [Worker-11] INFO  o.e.m.c.i.embedder.EclipseLogger - skip non existing resourceDirectory /home/josh/cadian/cadian-reflections/src/test/resources
2011-10-19 21:20:39,238 [Worker-1] INFO  o.e.m.c.i.embedder.EclipseLogger - Using 'UTF-8' encoding to copy filtered resources.
2011-10-19 21:20:39,249 [Worker-1] INFO  o.e.m.c.i.embedder.EclipseLogger - skip non existing resourceDirectory /home/josh/cadian/cadian-reflections/src/main/resources
2011-10-19 21:20:39,261 [Worker-1] INFO  o.e.m.c.i.embedder.EclipseLogger - Using 'UTF-8' encoding to copy filtered resources.
2011-10-19 21:20:39,261 [Worker-1] INFO  o.e.m.c.i.embedder.EclipseLogger - skip non existing resourceDirectory /home/josh/cadian/cadian-reflections/src/test/resources
2011-10-19 21:20:44,139 [Worker-1] INFO  o.e.m.i.launch.MavenLaunchDelegate - /home/josh/cadian/cadian-reflections
2011-10-19 21:20:44,139 [Worker-1] INFO  o.e.m.i.launch.MavenLaunchDelegate -  mvn -B install
2011-10-19 21:20:51,850 [Worker-11] INFO  o.e.m.c.i.embedder.EclipseLogger - Using 'UTF-8' encoding to copy filtered resources.
2011-10-19 21:20:51,852 [Worker-11] INFO  o.e.m.c.i.embedder.EclipseLogger - skip non existing resourceDirectory /home/josh/cadian/cadian-reflections/src/main/resources
2011-10-19 21:20:51,853 [Worker-11] INFO  o.e.m.c.i.embedder.EclipseLogger - Using 'UTF-8' encoding to copy filtered resources.
2011-10-19 21:20:51,853 [Worker-11] INFO  o.e.m.c.i.embedder.EclipseLogger - skip non existing resourceDirectory /home/josh/cadian/cadian-reflections/src/test/resources
2011-10-19 21:21:14,374 [Worker-12] INFO  o.e.m.c.i.l.LifecycleMappingFactory - Using org.eclipse.m2e.jdt.JarLifecycleMapping lifecycle mapping for MavenProject: org.cadian:properties:1.0.0 @ /home/josh/cadian/cadian-properties/pom.xml.
2011-10-19 21:21:15,378 [Worker-0] INFO  o.e.m.c.i.embedder.EclipseLogger - Using 'UTF-8' encoding to copy filtered resources.
2011-10-19 21:21:15,378 [Worker-0] INFO  o.e.m.c.i.embedder.EclipseLogger - Copying 0 resource
2011-10-19 21:21:15,379 [Worker-0] INFO  o.e.m.c.i.embedder.EclipseLogger - Using 'UTF-8' encoding to copy filtered resources.
2011-10-19 21:21:15,381 [Worker-0] INFO  o.e.m.c.i.embedder.EclipseLogger - Copying 1 resource
2011-10-19 21:21:17,769 [main] INFO  o.e.m2e.actions.ExecutePomAction - Using existing launch configuration
2011-10-19 21:21:17,839 [Worker-5] INFO  o.e.m.i.launch.MavenLaunchDelegate - /home/josh/cadian/cadian-properties
2011-10-19 21:21:17,839 [Worker-5] INFO  o.e.m.i.launch.MavenLaunchDelegate -  mvn -B jar:jar
2011-10-19 21:21:32,374 [Worker-0] INFO  o.e.m.i.launch.MavenLaunchDelegate - /home/josh/cadian/cadian-properties
2011-10-19 21:21:32,375 [Worker-0] INFO  o.e.m.i.launch.MavenLaunchDelegate -  mvn -B install
2011-10-19 21:21:37,332 [Worker-11] INFO  o.e.m.c.i.embedder.EclipseLogger - Using 'UTF-8' encoding to copy filtered resources.
2011-10-19 21:21:37,337 [Worker-11] INFO  o.e.m.c.i.embedder.EclipseLogger - Copying 0 resource
2011-10-19 21:21:37,340 [Worker-11] INFO  o.e.m.c.i.embedder.EclipseLogger - Using 'UTF-8' encoding to copy filtered resources.
2011-10-19 21:21:37,340 [Worker-11] INFO  o.e.m.c.i.embedder.EclipseLogger - Copying 0 resource
